[ 2019-03-13T23:24:19+08:00 ] ::1 ::1 GET /duoduodian/tpAdmin/public/
[ log ] localhost/duoduodian/tpAdmin/public/ [运行时间：1.205798s][吞吐率：0.83req/s] [内存消耗：998.10kb] [文件加载：41]
[ info ] [ LANG ] F:\WWW\duoduodian\tpAdmin\thinkphp\lang\zh-cn.php
[ info ] [ ROUTE ] array (
  'type' => 'module',
  'module' => 
  array (
    0 => '',
    1 => NULL,
    2 => NULL,
  ),
)
[ info ] [ HEADER ] array (
  'cookie' => 'Hm_lvt_3b20cd2f42f02b4355271b5a2825dd15=1526095498; Hm_lvt_d5c04a411872b019e90ca2b7a2da44e4=1526100537; Hm_lvt_7647ec3b70144fdfec55f5a278727d2a=1528592135; Hm_lvt_c7d97ec9b59790730b0fbcc637607523=1528599463; Hm_lvt_f7d657b0548f3b30d060642ecbf667af=1528380361,1529028813; Hm_lvt_2b13f498daa22c4b21688750b0982f7b=1533462407; pgv_pvi=6065385472; PHPSESSID=6msdv0li27gr0tqr7hn1hsk0m1; Hm_lvt_080836300300be57b7f34f4b3e97d911=1552398371; Hm_lpvt_080836300300be57b7f34f4b3e97d911=1552399392',
  'accept-language' => 'zh-CN,zh;q=0.9',
  'accept-encoding' => 'gzip, deflate, br',
  'accept' => 'text/html,application/xhtml+xml,application/xml;q=0.9,image/webp,image/apng,*/*;q=0.8',
  'user-agent' => 'Mozilla/5.0 (Windows NT 10.0; Win64; x64) AppleWebKit/537.36 (KHTML, like Gecko) Chrome/68.0.3440.84 Safari/537.36',
  'upgrade-insecure-requests' => '1',
  'connection' => 'close',
  'host' => 'localhost',
)
[ info ] [ PARAM ] array (
)
[ info ] [ RUN ] app\index\controller\Index->index[ F:\WWW\duoduodian\tpAdmin\application\index\controller\Index.php ]
[ info ] [ LOG ] INIT File

---------------------------------------------------------------
[ 2019-03-13T23:24:56+08:00 ] ::1 ::1 GET /duoduodian/tpAdmin/public/
[ log ] localhost/duoduodian/tpAdmin/public/ [运行时间：0.074674s][吞吐率：13.39req/s] [内存消耗：874.27kb] [文件加载：36]
[ info ] [ LANG ] F:\WWW\duoduodian\tpAdmin\thinkphp\lang\zh-cn.php
[ info ] [ ROUTE ] array (
  'type' => 'module',
  'module' => 
  array (
    0 => '',
    1 => NULL,
    2 => NULL,
  ),
)
[ info ] [ HEADER ] array (
  'cookie' => 'Hm_lvt_3b20cd2f42f02b4355271b5a2825dd15=1526095498; Hm_lvt_d5c04a411872b019e90ca2b7a2da44e4=1526100537; Hm_lvt_7647ec3b70144fdfec55f5a278727d2a=1528592135; Hm_lvt_c7d97ec9b59790730b0fbcc637607523=1528599463; Hm_lvt_f7d657b0548f3b30d060642ecbf667af=1528380361,1529028813; Hm_lvt_2b13f498daa22c4b21688750b0982f7b=1533462407; pgv_pvi=6065385472; PHPSESSID=6msdv0li27gr0tqr7hn1hsk0m1; Hm_lvt_080836300300be57b7f34f4b3e97d911=1552398371; Hm_lpvt_080836300300be57b7f34f4b3e97d911=1552399392',
  'accept-language' => 'zh-CN,zh;q=0.9',
  'accept-encoding' => 'gzip, deflate, br',
  'accept' => 'text/html,application/xhtml+xml,application/xml;q=0.9,image/webp,image/apng,*/*;q=0.8',
  'user-agent' => 'Mozilla/5.0 (Windows NT 10.0; Win64; x64) AppleWebKit/537.36 (KHTML, like Gecko) Chrome/68.0.3440.84 Safari/537.36',
  'upgrade-insecure-requests' => '1',
  'connection' => 'close',
  'host' => 'localhost',
)
[ info ] [ PARAM ] array (
)
[ info ] [ RUN ] app\index\controller\Index->index[ F:\WWW\duoduodian\tpAdmin\application\index\controller\Index.php ]
[ info ] [ LOG ] INIT File

---------------------------------------------------------------
[ 2019-03-13T23:25:03+08:00 ] ::1 ::1 GET /duoduodian/tpAdmin/public/
[ log ] localhost/duoduodian/tpAdmin/public/ [运行时间：0.059416s][吞吐率：16.83req/s] [内存消耗：998.36kb] [文件加载：41]
[ info ] [ LANG ] F:\WWW\duoduodian\tpAdmin\thinkphp\lang\zh-cn.php
[ info ] [ ROUTE ] array (
  'type' => 'module',
  'module' => 
  array (
    0 => '',
    1 => NULL,
    2 => NULL,
  ),
)
[ info ] [ HEADER ] array (
  'cookie' => 'Hm_lvt_3b20cd2f42f02b4355271b5a2825dd15=1526095498; Hm_lvt_d5c04a411872b019e90ca2b7a2da44e4=1526100537; Hm_lvt_7647ec3b70144fdfec55f5a278727d2a=1528592135; Hm_lvt_c7d97ec9b59790730b0fbcc637607523=1528599463; Hm_lvt_f7d657b0548f3b30d060642ecbf667af=1528380361,1529028813; Hm_lvt_2b13f498daa22c4b21688750b0982f7b=1533462407; pgv_pvi=6065385472; PHPSESSID=6msdv0li27gr0tqr7hn1hsk0m1; Hm_lvt_080836300300be57b7f34f4b3e97d911=1552398371; Hm_lpvt_080836300300be57b7f34f4b3e97d911=1552399392',
  'accept-language' => 'zh-CN,zh;q=0.9',
  'accept-encoding' => 'gzip, deflate, br',
  'accept' => 'text/html,application/xhtml+xml,application/xml;q=0.9,image/webp,image/apng,*/*;q=0.8',
  'user-agent' => 'Mozilla/5.0 (Windows NT 10.0; Win64; x64) AppleWebKit/537.36 (KHTML, like Gecko) Chrome/68.0.3440.84 Safari/537.36',
  'upgrade-insecure-requests' => '1',
  'cache-control' => 'max-age=0',
  'connection' => 'close',
  'host' => 'localhost',
)
[ info ] [ PARAM ] array (
)
[ info ] [ RUN ] app\index\controller\Index->index[ F:\WWW\duoduodian\tpAdmin\application\index\controller\Index.php ]
[ info ] [ LOG ] INIT File

---------------------------------------------------------------
[ 2019-03-13T23:28:04+08:00 ] ::1 ::1 GET /duoduodian/tpAdmin/public/
[ log ] localhost/duoduodian/tpAdmin/public/ [运行时间：0.164026s][吞吐率：6.10req/s] [内存消耗：998.43kb] [文件加载：41]
[ info ] [ LANG ] F:\WWW\duoduodian\tpAdmin\thinkphp\lang\zh-cn.php
[ info ] [ ROUTE ] array (
  'type' => 'module',
  'module' => 
  array (
    0 => '',
    1 => NULL,
    2 => NULL,
  ),
)
[ info ] [ HEADER ] array (
  'cookie' => 'Hm_lvt_3b20cd2f42f02b4355271b5a2825dd15=1526095498; Hm_lvt_d5c04a411872b019e90ca2b7a2da44e4=1526100537; Hm_lvt_7647ec3b70144fdfec55f5a278727d2a=1528592135; Hm_lvt_c7d97ec9b59790730b0fbcc637607523=1528599463; Hm_lvt_f7d657b0548f3b30d060642ecbf667af=1528380361,1529028813; Hm_lvt_2b13f498daa22c4b21688750b0982f7b=1533462407; pgv_pvi=6065385472; PHPSESSID=6msdv0li27gr0tqr7hn1hsk0m1; Hm_lvt_080836300300be57b7f34f4b3e97d911=1552398371; Hm_lpvt_080836300300be57b7f34f4b3e97d911=1552399392',
  'accept-language' => 'zh-CN,zh;q=0.9',
  'accept-encoding' => 'gzip, deflate, br',
  'accept' => 'text/html,application/xhtml+xml,application/xml;q=0.9,image/webp,image/apng,*/*;q=0.8',
  'user-agent' => 'Mozilla/5.0 (Windows NT 10.0; Win64; x64) AppleWebKit/537.36 (KHTML, like Gecko) Chrome/68.0.3440.84 Safari/537.36',
  'upgrade-insecure-requests' => '1',
  'connection' => 'close',
  'host' => 'localhost',
)
[ info ] [ PARAM ] array (
)
[ info ] [ RUN ] app\index\controller\Index->index[ F:\WWW\duoduodian\tpAdmin\application\index\controller\Index.php ]
[ info ] [ LOG ] INIT File

---------------------------------------------------------------
